<?xml version="1.0" encoding="UTF-8"?>
<!-- Generated by org.testng.reporters.JUnitReportReporter -->
<testsuite hostname="Naveen" failures="0" tests="1" name="com.OrangeHrmTestCases.Tc3_pimPageTest" time="19.118" errors="0" timestamp="21 Apr 2024 08:56:01 GMT" skipped="0">
  <testcase classname="com.OrangeHrmTestCases.Tc3_pimPageTest" name="pimPageTest" time="19.118"/>
</testsuite> <!-- com.OrangeHrmTestCases.Tc3_pimPageTest -->
