<?xml version="1.0" encoding="UTF-8"?>
<!-- Generated by org.testng.reporters.JUnitReportReporter -->
<testsuite hostname="Naveen" failures="0" tests="1" name="com.OrangeHrmTestCases.Tc_001OrangeHrm_LoginPageTestCase" time="18.138" errors="0" timestamp="21 Apr 2024 12:12:06 GMT" skipped="0">
  <testcase classname="com.OrangeHrmTestCases.Tc_001OrangeHrm_LoginPageTestCase" name="OrangeHrm_LoginPage_Test" time="18.138"/>
</testsuite> <!-- com.OrangeHrmTestCases.Tc_001OrangeHrm_LoginPageTestCase -->
