<?xml version="1.0" encoding="UTF-8"?>
<!-- Generated by org.testng.reporters.JUnitReportReporter -->
<testsuite hostname="Naveen" failures="0" tests="1" name="com.OrangeHrmTestCases.Tc2_homePageTest" time="13.038" errors="0" timestamp="21 Apr 2024 17:38:13 GMT" skipped="0">
  <testcase classname="com.OrangeHrmTestCases.Tc2_homePageTest" name="homePageValidating" time="13.038"/>
</testsuite> <!-- com.OrangeHrmTestCases.Tc2_homePageTest -->
